<?xml version="1.0" encoding="UTF-8"?>
<!-- Generated by org.testng.reporters.JUnitReportReporter -->
<testsuite hostname="DESKTOP-DEDEJ6A" failures="0" tests="1" name="com.org.cloudbees.CloudbeesHomePage" time="43.102" errors="0" timestamp="2025-04-26T01:42:00 IST" skipped="0">
  <testcase classname="com.org.cloudbees.CloudbeesHomePage" name="verifyHomePage" time="43.102"/>
  <system-out/>
</testsuite> <!-- com.org.cloudbees.CloudbeesHomePage -->
