<?xml version="1.0" encoding="UTF-8"?>
<!-- Generated by org.testng.reporters.JUnitReportReporter -->
<testsuite hostname="DESKTOP-DEDEJ6A" failures="0" tests="2" name="com.org.cloudbees.GitRepoTesting" time="26.739" errors="0" timestamp="2025-04-26T01:46:34 IST" skipped="0">
  <testcase classname="com.org.cloudbees.GitRepoTesting" name="testModifyExistingFileInRepo" time="11.641"/>
  <system-out/>
  <testcase classname="com.org.cloudbees.GitRepoTesting" name="testAddNewFileToRepo" time="15.098"/>
  <system-out/>
</testsuite> <!-- com.org.cloudbees.GitRepoTesting -->
