<?xml version="1.0" encoding="UTF-8"?>
<!-- Generated by org.testng.reporters.JUnitReportReporter -->
<testsuite hostname="DESKTOP-DEDEJ6A" failures="0" tests="2" name="com.org.cloudbees.GitRepoTestingTest" time="52.763" errors="0" timestamp="2025-04-26T14:46:38 IST" skipped="0">
  <testcase classname="com.org.cloudbees.GitRepoTestingTest" name="testAddNewFileToRepo" time="46.019"/>
  <system-out/>
  <testcase classname="com.org.cloudbees.GitRepoTestingTest" name="testModifyExistingFileInRepo" time="6.744"/>
  <system-out/>
</testsuite> <!-- com.org.cloudbees.GitRepoTestingTest -->
