<?xml version="1.0" encoding="UTF-8"?>
<!-- Generated by org.testng.reporters.JUnitReportReporter -->
<testsuite hostname="DESKTOP-DEDEJ6A" failures="0" tests="1" name="com.org.cloudbees.CloudbeesHomePageTest" time="49.600" errors="0" timestamp="2025-04-26T14:50:23 IST" skipped="0">
  <testcase classname="com.org.cloudbees.CloudbeesHomePageTest" name="verifyHomePage" time="49.600"/>
  <system-out/>
</testsuite> <!-- com.org.cloudbees.CloudbeesHomePageTest -->
