<?xml version="1.0" encoding="UTF-8"?>
<!-- Generated by org.testng.reporters.JUnitReportReporter -->
<testsuite hostname="DESKTOP-DEDEJ6A" failures="0" tests="1" name="com.org.cloudbees.CloudbeesHomePageTest" time="30.419" errors="0" timestamp="2025-04-26T15:36:28 IST" skipped="0">
  <testcase classname="com.org.cloudbees.CloudbeesHomePageTest" name="verifyHomePage" time="30.419"/>
  <system-out/>
</testsuite> <!-- com.org.cloudbees.CloudbeesHomePageTest -->
