<?xml version="1.0" encoding="UTF-8"?>
<!-- Generated by org.testng.reporters.JUnitReportReporter -->
<testsuite hostname="DESKTOP-DEDEJ6A" failures="0" tests="2" name="com.org.cloudbees.GitRepoTestingTest" time="14.401" errors="0" timestamp="2025-04-26T15:36:28 IST" skipped="0">
  <testcase classname="com.org.cloudbees.GitRepoTestingTest" name="testAddNewFileToRepo" time="7.918"/>
  <system-out/>
  <testcase classname="com.org.cloudbees.GitRepoTestingTest" name="testModifyExistingFileInRepo" time="6.483"/>
  <system-out/>
</testsuite> <!-- com.org.cloudbees.GitRepoTestingTest -->
