<?xml version="1.0" encoding="UTF-8"?>
<!-- Generated by org.testng.reporters.JUnitReportReporter -->
<testsuite hostname="DESKTOP-DEDEJ6A" failures="0" tests="2" name="com.org.cloudbees.GitRepoTestingTest" time="13.476" errors="0" timestamp="2025-04-26T14:54:52 IST" skipped="0">
  <testcase classname="com.org.cloudbees.GitRepoTestingTest" name="testModifyExistingFileInRepo" time="6.781"/>
  <system-out/>
  <testcase classname="com.org.cloudbees.GitRepoTestingTest" name="testAddNewFileToRepo" time="6.695"/>
  <system-out/>
</testsuite> <!-- com.org.cloudbees.GitRepoTestingTest -->
